    -----DSS---ZOPEN:  Existing File Opened,  File: C:/modeling/HEC-HMS/Bloomingdale/Bloomingdale.dss
                       Unit:   71;  DSS Versions - Software: 6-QF, File: 6-QF
 -----DSS--- ZREAD Unit   71; Vers.   10:  //G-MM1/FLOW/02JAN1989/5MIN/GAGE/
 -----DSS--- ZREAD Unit   71; Vers.   10:  //G-MM1/FLOW/03JAN1989/5MIN/GAGE/
 -----DSS--- ZREAD Unit   71; Vers.   10:  //G-MM1/FLOW/02JAN1989/5MIN/GAGE/
 -----DSS--- ZREAD Unit   71; Vers.   10:  //G-MM1/FLOW/03JAN1989/5MIN/GAGE/
 -----DSS*** ZRRTS:  CAUTION - Data block not found in file.  Unit:   71
 Pathname: //GAGE 18/FLOW/02JAN1989/5MIN/GAGE/
 -----DSS*** ZRRTS:  CAUTION - Data block not found in file.  Unit:   71
 Pathname: //GAGE 18/FLOW/02JAN1989/5MIN/GAGE/
 -----DSS---ZWRITE Unit   71; Vers.    1:  //GAGE 18/FLOW/02JAN1989/5MIN/GAGE/
 -----DSS---ZWRITE Unit   71; Vers.    1:  //GAGE 18/FLOW/03JAN1989/5MIN/GAGE/
 -----DSS--- ZREAD Unit   71; Vers.    8:  //DUMMY DIVERSION/FLOW-DIVERSION///TABLE/
 -----DSS---ZWRITE Unit  71; Vers.    1:  //TABLE 2/FLOW-DIVERSION///TABLE/
 -----DSS--- ZREAD Unit   71; Vers.    1:  //G-MM8/FLOW/02JAN1989/5MIN/GAGE/
 -----DSS--- ZREAD Unit   71; Vers.    1:  //G-MM8/FLOW/03JAN1989/5MIN/GAGE/
 -----DSS--- ZREAD Unit   71; Vers.    1:  //G-MM8/FLOW/02JAN1989/5MIN/GAGE/
 -----DSS--- ZREAD Unit   71; Vers.    1:  //G-MM8/FLOW/03JAN1989/5MIN/GAGE/
 -----DSS*** ZRRTS:  CAUTION - Data block not found in file.  Unit:   71
 Pathname: //GAGE 19/FLOW/02JAN1989/5MIN/GAGE/
 -----DSS*** ZRRTS:  CAUTION - Data block not found in file.  Unit:   71
 Pathname: //GAGE 19/FLOW/02JAN1989/5MIN/GAGE/
 -----DSS---ZWRITE Unit   71; Vers.    1:  //GAGE 19/FLOW/02JAN1989/5MIN/GAGE/
 -----DSS---ZWRITE Unit   71; Vers.    1:  //GAGE 19/FLOW/03JAN1989/5MIN/GAGE/
 -----DSS--- ZREAD Unit   71; Vers.    2:  //G-MSF1/FLOW/02JAN1989/5MIN/GAGE/
 -----DSS--- ZREAD Unit   71; Vers.    2:  //G-MSF1/FLOW/03JAN1989/5MIN/GAGE/
 -----DSS--- ZREAD Unit   71; Vers.    2:  //G-MSF1/FLOW/02JAN1989/5MIN/GAGE/
 -----DSS--- ZREAD Unit   71; Vers.    2:  //G-MSF1/FLOW/03JAN1989/5MIN/GAGE/
 -----DSS*** ZRRTS:  CAUTION - Data block not found in file.  Unit:   71
 Pathname: //GAGE 20/FLOW/02JAN1989/5MIN/GAGE/
 -----DSS*** ZRRTS:  CAUTION - Data block not found in file.  Unit:   71
 Pathname: //GAGE 20/FLOW/02JAN1989/5MIN/GAGE/
 -----DSS---ZWRITE Unit   71; Vers.    1:  //GAGE 20/FLOW/02JAN1989/5MIN/GAGE/
 -----DSS---ZWRITE Unit   71; Vers.    1:  //GAGE 20/FLOW/03JAN1989/5MIN/GAGE/
 -----DSS--- ZREAD Unit   71; Vers.    7:  //G-Z2/FLOW/02JAN1989/5MIN/GAGE/
 -----DSS--- ZREAD Unit   71; Vers.    7:  //G-Z2/FLOW/03JAN1989/5MIN/GAGE/
 -----DSS--- ZREAD Unit   71; Vers.    7:  //G-Z2/FLOW/02JAN1989/5MIN/GAGE/
 -----DSS--- ZREAD Unit   71; Vers.    7:  //G-Z2/FLOW/03JAN1989/5MIN/GAGE/
 -----DSS*** ZRRTS:  CAUTION - Data block not found in file.  Unit:   71
 Pathname: //GAGE 21/FLOW/02JAN1989/5MIN/GAGE/
 -----DSS*** ZRRTS:  CAUTION - Data block not found in file.  Unit:   71
 Pathname: //GAGE 21/FLOW/02JAN1989/5MIN/GAGE/
 -----DSS---ZWRITE Unit   71; Vers.    1:  //GAGE 21/FLOW/02JAN1989/5MIN/GAGE/
 -----DSS---ZWRITE Unit   71; Vers.    1:  //GAGE 21/FLOW/03JAN1989/5MIN/GAGE/
 -----DSS--- ZREAD Unit   71; Vers.    1:  //G-MM7/FLOW/02JAN1989/5MIN/GAGE/
 -----DSS--- ZREAD Unit   71; Vers.    1:  //G-MM7/FLOW/03JAN1989/5MIN/GAGE/
 -----DSS--- ZREAD Unit   71; Vers.    1:  //G-MM7/FLOW/02JAN1989/5MIN/GAGE/
 -----DSS--- ZREAD Unit   71; Vers.    1:  //G-MM7/FLOW/03JAN1989/5MIN/GAGE/
 -----DSS*** ZRRTS:  CAUTION - Data block not found in file.  Unit:   71
 Pathname: //GAGE 22/FLOW/02JAN1989/5MIN/GAGE/
 -----DSS*** ZRRTS:  CAUTION - Data block not found in file.  Unit:   71
 Pathname: //GAGE 22/FLOW/02JAN1989/5MIN/GAGE/
 -----DSS---ZWRITE Unit   71; Vers.    1:  //GAGE 22/FLOW/02JAN1989/5MIN/GAGE/
 -----DSS---ZWRITE Unit   71; Vers.    1:  //GAGE 22/FLOW/03JAN1989/5MIN/GAGE/
 -----DSS--- ZREAD Unit   71; Vers.    3:  //G-Z1/FLOW/02JAN1989/5MIN/GAGE/
 -----DSS--- ZREAD Unit   71; Vers.    3:  //G-Z1/FLOW/03JAN1989/5MIN/GAGE/
 -----DSS--- ZREAD Unit   71; Vers.    3:  //G-Z1/FLOW/02JAN1989/5MIN/GAGE/
 -----DSS--- ZREAD Unit   71; Vers.    3:  //G-Z1/FLOW/03JAN1989/5MIN/GAGE/
 -----DSS*** ZRRTS:  CAUTION - Data block not found in file.  Unit:   71
 Pathname: //GAGE 23/FLOW/02JAN1989/5MIN/GAGE/
 -----DSS*** ZRRTS:  CAUTION - Data block not found in file.  Unit:   71
 Pathname: //GAGE 23/FLOW/02JAN1989/5MIN/GAGE/
 -----DSS---ZWRITE Unit   71; Vers.    1:  //GAGE 23/FLOW/02JAN1989/5MIN/GAGE/
 -----DSS---ZWRITE Unit   71; Vers.    1:  //GAGE 23/FLOW/03JAN1989/5MIN/GAGE/
 -----DSS--- ZREAD Unit   71; Vers.    2:  //G-MM2A/FLOW/02JAN1989/5MIN/GAGE/
 -----DSS--- ZREAD Unit   71; Vers.    2:  //G-MM2A/FLOW/03JAN1989/5MIN/GAGE/
 -----DSS--- ZREAD Unit   71; Vers.    2:  //G-MM2A/FLOW/02JAN1989/5MIN/GAGE/
 -----DSS--- ZREAD Unit   71; Vers.    2:  //G-MM2A/FLOW/03JAN1989/5MIN/GAGE/
 -----DSS*** ZRRTS:  CAUTION - Data block not found in file.  Unit:   71
 Pathname: //GAGE 24/FLOW/02JAN1989/5MIN/GAGE/
 -----DSS*** ZRRTS:  CAUTION - Data block not found in file.  Unit:   71
 Pathname: //GAGE 24/FLOW/02JAN1989/5MIN/GAGE/
 -----DSS---ZWRITE Unit   71; Vers.    1:  //GAGE 24/FLOW/02JAN1989/5MIN/GAGE/
 -----DSS---ZWRITE Unit   71; Vers.    1:  //GAGE 24/FLOW/03JAN1989/5MIN/GAGE/
 -----DSS--- ZREAD Unit   71; Vers.    1:  //G-MM6/FLOW/02JAN1989/5MIN/GAGE/
 -----DSS--- ZREAD Unit   71; Vers.    1:  //G-MM6/FLOW/03JAN1989/5MIN/GAGE/
 -----DSS--- ZREAD Unit   71; Vers.    1:  //G-MM6/FLOW/02JAN1989/5MIN/GAGE/
 -----DSS--- ZREAD Unit   71; Vers.    1:  //G-MM6/FLOW/03JAN1989/5MIN/GAGE/
 -----DSS*** ZRRTS:  CAUTION - Data block not found in file.  Unit:   71
 Pathname: //GAGE 25/FLOW/02JAN1989/5MIN/GAGE/
 -----DSS*** ZRRTS:  CAUTION - Data block not found in file.  Unit:   71
 Pathname: //GAGE 25/FLOW/02JAN1989/5MIN/GAGE/
 -----DSS---ZWRITE Unit   71; Vers.    1:  //GAGE 25/FLOW/02JAN1989/5MIN/GAGE/
 -----DSS---ZWRITE Unit   71; Vers.    1:  //GAGE 25/FLOW/03JAN1989/5MIN/GAGE/
 -----DSS--- ZREAD Unit   71; Vers.    1:  //G-MM2B/FLOW/02JAN1989/5MIN/GAGE/
 -----DSS--- ZREAD Unit   71; Vers.    1:  //G-MM2B/FLOW/03JAN1989/5MIN/GAGE/
 -----DSS--- ZREAD Unit   71; Vers.    1:  //G-MM2B/FLOW/02JAN1989/5MIN/GAGE/
 -----DSS--- ZREAD Unit   71; Vers.    1:  //G-MM2B/FLOW/03JAN1989/5MIN/GAGE/
 -----DSS*** ZRRTS:  CAUTION - Data block not found in file.  Unit:   71
 Pathname: //GAGE 26/FLOW/02JAN1989/5MIN/GAGE/
 -----DSS*** ZRRTS:  CAUTION - Data block not found in file.  Unit:   71
 Pathname: //GAGE 26/FLOW/02JAN1989/5MIN/GAGE/
 -----DSS---ZWRITE Unit   71; Vers.    1:  //GAGE 26/FLOW/02JAN1989/5MIN/GAGE/
 -----DSS---ZWRITE Unit   71; Vers.    1:  //GAGE 26/FLOW/03JAN1989/5MIN/GAGE/
 -----DSS--- ZREAD Unit   71; Vers.    2:  //G-MM3/FLOW/02JAN1989/5MIN/GAGE/
 -----DSS--- ZREAD Unit   71; Vers.    2:  //G-MM3/FLOW/03JAN1989/5MIN/GAGE/
 -----DSS--- ZREAD Unit   71; Vers.    2:  //G-MM3/FLOW/02JAN1989/5MIN/GAGE/
 -----DSS--- ZREAD Unit   71; Vers.    2:  //G-MM3/FLOW/03JAN1989/5MIN/GAGE/
 -----DSS*** ZRRTS:  CAUTION - Data block not found in file.  Unit:   71
 Pathname: //GAGE 27/FLOW/02JAN1989/5MIN/GAGE/
 -----DSS*** ZRRTS:  CAUTION - Data block not found in file.  Unit:   71
 Pathname: //GAGE 27/FLOW/02JAN1989/5MIN/GAGE/
 -----DSS---ZWRITE Unit   71; Vers.    1:  //GAGE 27/FLOW/02JAN1989/5MIN/GAGE/
 -----DSS---ZWRITE Unit   71; Vers.    1:  //GAGE 27/FLOW/03JAN1989/5MIN/GAGE/
 -----DSS--- ZREAD Unit   71; Vers.    1:  //G-MM5/FLOW/02JAN1989/5MIN/GAGE/
 -----DSS--- ZREAD Unit   71; Vers.    1:  //G-MM5/FLOW/03JAN1989/5MIN/GAGE/
 -----DSS--- ZREAD Unit   71; Vers.    1:  //G-MM5/FLOW/02JAN1989/5MIN/GAGE/
 -----DSS--- ZREAD Unit   71; Vers.    1:  //G-MM5/FLOW/03JAN1989/5MIN/GAGE/
 -----DSS*** ZRRTS:  CAUTION - Data block not found in file.  Unit:   71
 Pathname: //GAGE 28/FLOW/02JAN1989/5MIN/GAGE/
 -----DSS*** ZRRTS:  CAUTION - Data block not found in file.  Unit:   71
 Pathname: //GAGE 28/FLOW/02JAN1989/5MIN/GAGE/
 -----DSS---ZWRITE Unit   71; Vers.    1:  //GAGE 28/FLOW/02JAN1989/5MIN/GAGE/
 -----DSS---ZWRITE Unit   71; Vers.    1:  //GAGE 28/FLOW/03JAN1989/5MIN/GAGE/
 -----DSS--- ZREAD Unit   71; Vers.    2:  //G-MM4/FLOW/02JAN1989/5MIN/GAGE/
 -----DSS--- ZREAD Unit   71; Vers.    2:  //G-MM4/FLOW/03JAN1989/5MIN/GAGE/
 -----DSS--- ZREAD Unit   71; Vers.    2:  //G-MM4/FLOW/02JAN1989/5MIN/GAGE/
 -----DSS--- ZREAD Unit   71; Vers.    2:  //G-MM4/FLOW/03JAN1989/5MIN/GAGE/
 -----DSS*** ZRRTS:  CAUTION - Data block not found in file.  Unit:   71
 Pathname: //GAGE 29/FLOW/02JAN1989/5MIN/GAGE/
 -----DSS*** ZRRTS:  CAUTION - Data block not found in file.  Unit:   71
 Pathname: //GAGE 29/FLOW/02JAN1989/5MIN/GAGE/
 -----DSS---ZWRITE Unit   71; Vers.    1:  //GAGE 29/FLOW/02JAN1989/5MIN/GAGE/
 -----DSS---ZWRITE Unit   71; Vers.    1:  //GAGE 29/FLOW/03JAN1989/5MIN/GAGE/
 -----DSS--- ZREAD Unit   71; Vers.    5:  //G-MSF2/FLOW/02JAN1989/5MIN/GAGE/
 -----DSS--- ZREAD Unit   71; Vers.    5:  //G-MSF2/FLOW/03JAN1989/5MIN/GAGE/
 -----DSS--- ZREAD Unit   71; Vers.    5:  //G-MSF2/FLOW/02JAN1989/5MIN/GAGE/
 -----DSS--- ZREAD Unit   71; Vers.    5:  //G-MSF2/FLOW/03JAN1989/5MIN/GAGE/
 -----DSS*** ZRRTS:  CAUTION - Data block not found in file.  Unit:   71
 Pathname: //GAGE 30/FLOW/02JAN1989/5MIN/GAGE/
 -----DSS*** ZRRTS:  CAUTION - Data block not found in file.  Unit:   71
 Pathname: //GAGE 30/FLOW/02JAN1989/5MIN/GAGE/
 -----DSS---ZWRITE Unit   71; Vers.    1:  //GAGE 30/FLOW/02JAN1989/5MIN/GAGE/
 -----DSS---ZWRITE Unit   71; Vers.    1:  //GAGE 30/FLOW/03JAN1989/5MIN/GAGE/
 -----DSS--- ZREAD Unit   71; Vers.    4:  //G-AA2/FLOW/02JAN1989/5MIN/GAGE/
 -----DSS--- ZREAD Unit   71; Vers.    4:  //G-AA2/FLOW/03JAN1989/5MIN/GAGE/
 -----DSS--- ZREAD Unit   71; Vers.    4:  //G-AA2/FLOW/02JAN1989/5MIN/GAGE/
 -----DSS--- ZREAD Unit   71; Vers.    4:  //G-AA2/FLOW/03JAN1989/5MIN/GAGE/
 -----DSS*** ZRRTS:  CAUTION - Data block not found in file.  Unit:   71
 Pathname: //GAGE 31/FLOW/02JAN1989/5MIN/GAGE/
 -----DSS*** ZRRTS:  CAUTION - Data block not found in file.  Unit:   71
 Pathname: //GAGE 31/FLOW/02JAN1989/5MIN/GAGE/
 -----DSS---ZWRITE Unit   71; Vers.    1:  //GAGE 31/FLOW/02JAN1989/5MIN/GAGE/
 -----DSS---ZWRITE Unit   71; Vers.    1:  //GAGE 31/FLOW/03JAN1989/5MIN/GAGE/
 -----DSS--- ZREAD Unit   71; Vers.    1:  //G-AA3M/FLOW/02JAN1989/5MIN/GAGE/
 -----DSS--- ZREAD Unit   71; Vers.    1:  //G-AA3M/FLOW/03JAN1989/5MIN/GAGE/
 -----DSS--- ZREAD Unit   71; Vers.    1:  //G-AA3M/FLOW/02JAN1989/5MIN/GAGE/
 -----DSS--- ZREAD Unit   71; Vers.    1:  //G-AA3M/FLOW/03JAN1989/5MIN/GAGE/
 -----DSS*** ZRRTS:  CAUTION - Data block not found in file.  Unit:   71
 Pathname: //GAGE 32/FLOW/02JAN1989/5MIN/GAGE/
 -----DSS*** ZRRTS:  CAUTION - Data block not found in file.  Unit:   71
 Pathname: //GAGE 32/FLOW/02JAN1989/5MIN/GAGE/
 -----DSS---ZWRITE Unit   71; Vers.    1:  //GAGE 32/FLOW/02JAN1989/5MIN/GAGE/
 -----DSS---ZWRITE Unit   71; Vers.    1:  //GAGE 32/FLOW/03JAN1989/5MIN/GAGE/
 -----DSS--- ZREAD Unit   71; Vers.    1:  //G-AA4/FLOW/02JAN1989/5MIN/GAGE/
 -----DSS--- ZREAD Unit   71; Vers.    1:  //G-AA4/FLOW/03JAN1989/5MIN/GAGE/
 -----DSS--- ZREAD Unit   71; Vers.    1:  //G-AA4/FLOW/02JAN1989/5MIN/GAGE/
 -----DSS--- ZREAD Unit   71; Vers.    1:  //G-AA4/FLOW/03JAN1989/5MIN/GAGE/
 -----DSS*** ZRRTS:  CAUTION - Data block not found in file.  Unit:   71
 Pathname: //GAGE 33/FLOW/02JAN1989/5MIN/GAGE/
 -----DSS*** ZRRTS:  CAUTION - Data block not found in file.  Unit:   71
 Pathname: //GAGE 33/FLOW/02JAN1989/5MIN/GAGE/
 -----DSS---ZWRITE Unit   71; Vers.    1:  //GAGE 33/FLOW/02JAN1989/5MIN/GAGE/
 -----DSS---ZWRITE Unit   71; Vers.    1:  //GAGE 33/FLOW/03JAN1989/5MIN/GAGE/
 -----DSS--- ZREAD Unit   71; Vers.    4:  //G-AA5/FLOW/02JAN1989/5MIN/GAGE/
 -----DSS--- ZREAD Unit   71; Vers.    4:  //G-AA5/FLOW/03JAN1989/5MIN/GAGE/
 -----DSS--- ZREAD Unit   71; Vers.    4:  //G-AA5/FLOW/02JAN1989/5MIN/GAGE/
 -----DSS--- ZREAD Unit   71; Vers.    4:  //G-AA5/FLOW/03JAN1989/5MIN/GAGE/
 -----DSS*** ZRRTS:  CAUTION - Data block not found in file.  Unit:   71
 Pathname: //GAGE 34/FLOW/02JAN1989/5MIN/GAGE/
 -----DSS*** ZRRTS:  CAUTION - Data block not found in file.  Unit:   71
 Pathname: //GAGE 34/FLOW/02JAN1989/5MIN/GAGE/
 -----DSS---ZWRITE Unit   71; Vers.    1:  //GAGE 34/FLOW/02JAN1989/5MIN/GAGE/
 -----DSS---ZWRITE Unit   71; Vers.    1:  //GAGE 34/FLOW/03JAN1989/5MIN/GAGE/
    -----DSS---ZCLOSE Unit:   71,   File: C:/modeling/HEC-HMS/Bloomingdale/Bloomingdale.dss
               Pointer Utilization:  0.42
               Number of Records:   1411
               File Size:  20039.6  Kbytes
               Percent Inactive:  18.8

    -----DSS---ZOPEN:  Existing File Opened,  File: C:/modeling/HEC-HMS/Bloomingdale/Bloomingdale.dss
                       Unit:   72;  DSS Versions - Software: 6-QF, File: 6-QF
 -----DSS--- ZREAD Unit   72; Vers.    8:  //DUMMY DIVERSION/FLOW-DIVERSION///TABLE/
 -----DSS--- ZREAD Unit   72; Vers.    1:  //TABLE 2/FLOW-DIVERSION///TABLE/
 -----DSS--- ZREAD Unit   72; Vers.    1:  //TABLE 2/FLOW-DIVERSION///TABLE/
 Catalog File: C:/modeling/HEC-HMS/Bloomingdale/Bloomingdale.dsc
 Sorting...
 -----DSS--- ZREAD Unit   72; Vers.    8:  //DUMMY DIVERSION/FLOW-DIVERSION///TABLE/
 -----DSS--- ZREAD Unit   72; Vers.    8:  //DUMMY DIVERSION/FLOW-DIVERSION///TABLE/
 Catalog File: C:/modeling/HEC-HMS/Bloomingdale/Bloomingdale.dsc
 -----DSS--- ZREAD Unit   72; Vers.    8:  //DUMMY DIVERSION/FLOW-DIVERSION///TABLE/
 -----DSS--- ZREAD Unit   72; Vers.    8:  //DUMMY DIVERSION/FLOW-DIVERSION///TABLE/
 Catalog File: C:/modeling/HEC-HMS/Bloomingdale/Bloomingdale.dsc
 -----DSS--- ZREAD Unit   72; Vers.    8:  //DUMMY DIVERSION/FLOW-DIVERSION///TABLE/
 -----DSS--- ZREAD Unit   72; Vers.    8:  //DUMMY DIVERSION/FLOW-DIVERSION///TABLE/
 Catalog File: C:/modeling/HEC-HMS/Bloomingdale/Bloomingdale.dsc
 -----DSS--- ZREAD Unit   72; Vers.    8:  //DUMMY DIVERSION/FLOW-DIVERSION///TABLE/
 -----DSS--- ZREAD Unit   72; Vers.    8:  //DUMMY DIVERSION/FLOW-DIVERSION///TABLE/
 Catalog File: C:/modeling/HEC-HMS/Bloomingdale/Bloomingdale.dsc
 -----DSS--- ZREAD Unit   72; Vers.    8:  //DUMMY DIVERSION/FLOW-DIVERSION///TABLE/
 -----DSS--- ZREAD Unit   72; Vers.    8:  //DUMMY DIVERSION/FLOW-DIVERSION///TABLE/
 -----DSS--- ZREAD Unit   72; Vers.    8:  //DUMMY DIVERSION/FLOW-DIVERSION///TABLE/
 -----DSS--- ZREAD Unit   72; Vers.    8:  //DUMMY DIVERSION/FLOW-DIVERSION///TABLE/
 Catalog File: C:/modeling/HEC-HMS/Bloomingdale/Bloomingdale.dsc
 -----DSS--- ZREAD Unit   72; Vers.    8:  //DUMMY DIVERSION/FLOW-DIVERSION///TABLE/
 -----DSS--- ZREAD Unit   72; Vers.    8:  //DUMMY DIVERSION/FLOW-DIVERSION///TABLE/
 -----DSS--- ZREAD Unit   72; Vers.    8:  //DUMMY DIVERSION/FLOW-DIVERSION///TABLE/
 -----DSS--- ZREAD Unit   72; Vers.    8:  //DUMMY DIVERSION/FLOW-DIVERSION///TABLE/
 Catalog File: C:/modeling/HEC-HMS/Bloomingdale/Bloomingdale.dsc
 -----DSS--- ZREAD Unit   72; Vers.    8:  //DUMMY DIVERSION/FLOW-DIVERSION///TABLE/
 -----DSS--- ZREAD Unit   72; Vers.    8:  //DUMMY DIVERSION/FLOW-DIVERSION///TABLE/
 Catalog File: C:/modeling/HEC-HMS/Bloomingdale/Bloomingdale.dsc
 Catalog File: C:/modeling/HEC-HMS/Bloomingdale/Bloomingdale.dsc
 -----DSS--- ZREAD Unit   72; Vers.    8:  //DUMMY DIVERSION/FLOW-DIVERSION///TABLE/
 -----DSS--- ZREAD Unit   72; Vers.    8:  //DUMMY DIVERSION/FLOW-DIVERSION///TABLE/
 Catalog File: C:/modeling/HEC-HMS/Bloomingdale/Bloomingdale.dsc
 -----DSS--- ZREAD Unit   72; Vers.    8:  //DUMMY DIVERSION/FLOW-DIVERSION///TABLE/
 -----DSS--- ZREAD Unit   72; Vers.    8:  //DUMMY DIVERSION/FLOW-DIVERSION///TABLE/
 -----DSS--- ZREAD Unit   72; Vers.    8:  //DUMMY DIVERSION/FLOW-DIVERSION///TABLE/
 -----DSS--- ZREAD Unit   72; Vers.    8:  //DUMMY DIVERSION/FLOW-DIVERSION///TABLE/
 Catalog File: C:/modeling/HEC-HMS/Bloomingdale/Bloomingdale.dsc
 -----DSS--- ZREAD Unit   72; Vers.    8:  //DUMMY DIVERSION/FLOW-DIVERSION///TABLE/
 -----DSS--- ZREAD Unit   72; Vers.    8:  //DUMMY DIVERSION/FLOW-DIVERSION///TABLE/
 Catalog File: C:/modeling/HEC-HMS/Bloomingdale/Bloomingdale.dsc
 -----DSS--- ZREAD Unit   72; Vers.    8:  //DUMMY DIVERSION/FLOW-DIVERSION///TABLE/
 -----DSS--- ZREAD Unit   72; Vers.    8:  //DUMMY DIVERSION/FLOW-DIVERSION///TABLE/
 -----DSS--- ZREAD Unit   72; Vers.    8:  //DUMMY DIVERSION/FLOW-DIVERSION///TABLE/
 -----DSS--- ZREAD Unit   72; Vers.    8:  //DUMMY DIVERSION/FLOW-DIVERSION///TABLE/
 Catalog File: C:/modeling/HEC-HMS/Bloomingdale/Bloomingdale.dsc
 -----DSS--- ZREAD Unit   72; Vers.    8:  //DUMMY DIVERSION/FLOW-DIVERSION///TABLE/
 -----DSS--- ZREAD Unit   72; Vers.    8:  //DUMMY DIVERSION/FLOW-DIVERSION///TABLE/
 Catalog File: C:/modeling/HEC-HMS/Bloomingdale/Bloomingdale.dsc
 -----DSS--- ZREAD Unit   72; Vers.    8:  //DUMMY DIVERSION/FLOW-DIVERSION///TABLE/
 -----DSS--- ZREAD Unit   72; Vers.    8:  //DUMMY DIVERSION/FLOW-DIVERSION///TABLE/
 Catalog File: C:/modeling/HEC-HMS/Bloomingdale/Bloomingdale.dsc
 -----DSS--- ZREAD Unit   72; Vers.    8:  //DUMMY DIVERSION/FLOW-DIVERSION///TABLE/
 -----DSS--- ZREAD Unit   72; Vers.    8:  //DUMMY DIVERSION/FLOW-DIVERSION///TABLE/
 Catalog File: C:/modeling/HEC-HMS/Bloomingdale/Bloomingdale.dsc
 -----DSS--- ZREAD Unit   72; Vers.    8:  //DUMMY DIVERSION/FLOW-DIVERSION///TABLE/
 -----DSS--- ZREAD Unit   72; Vers.    8:  //DUMMY DIVERSION/FLOW-DIVERSION///TABLE/
 Catalog File: C:/modeling/HEC-HMS/Bloomingdale/Bloomingdale.dsc
 -----DSS--- ZREAD Unit   72; Vers.    8:  //DUMMY DIVERSION/FLOW-DIVERSION///TABLE/
 -----DSS--- ZREAD Unit   72; Vers.    8:  //DUMMY DIVERSION/FLOW-DIVERSION///TABLE/
    -----DSS---ZCLOSE Unit:   72,   File: C:/modeling/HEC-HMS/Bloomingdale/Bloomingdale.dss
               Pointer Utilization:  0.42
               Number of Records:   1411
               File Size:  20039.6  Kbytes
               Percent Inactive:  18.8

