NOTE 10184:  Began computing simulation run "Run 1" at time 04Oct2013, 15:58:21.
NOTE 10171:  Meteorologic model "15-yr 24-hr DS" was not computed. No meteorology data required to compute selected elements in basin model "BDale detailed".
ERROR 40365:  Could not load inflow-diversion table for diversion "in-MM1".
ERROR 42822:  Could not load inflow-diversion table "" for diversion "in-MM1".
ERROR 40365:  Could not load inflow-diversion table for diversion "in-MM8".
ERROR 42822:  Could not load inflow-diversion table "" for diversion "in-MM8".
ERROR 40365:  Could not load inflow-diversion table for diversion "loc-MSF1".
ERROR 42822:  Could not load inflow-diversion table "" for diversion "loc-MSF1".
ERROR 40365:  Could not load inflow-diversion table for diversion "in-MM2a".
ERROR 42822:  Could not load inflow-diversion table "" for diversion "in-MM2a".
ERROR 40365:  Could not load inflow-diversion table for diversion "loc-MM6".
ERROR 42822:  Could not load inflow-diversion table "" for diversion "loc-MM6".
ERROR 40365:  Could not load inflow-diversion table for diversion "in-MSF2".
ERROR 42822:  Could not load inflow-diversion table "" for diversion "in-MSF2".
ERROR 40365:  Could not load inflow-diversion table for diversion "loc-aa2".
ERROR 42822:  Could not load inflow-diversion table "" for diversion "loc-aa2".
ERROR 40365:  Could not load inflow-diversion table for diversion "in-aa3M".
ERROR 42822:  Could not load inflow-diversion table "" for diversion "in-aa3M".
ERROR 40365:  Could not load inflow-diversion table for diversion "loc-aa5".
ERROR 42822:  Could not load inflow-diversion table "" for diversion "loc-aa5".
NOTE 10185:  Finished computing simulation run "Run 1" at time 04Oct2013, 15:58:21.
