NOTE 10184:  Began computing simulation run "SS1" at time 03Oct2013, 11:07:22.
NOTE 10171:  Meteorologic model "15-yr 24-hr DS" was not computed. No meteorology data required to compute selected elements in basin model "BDale detailed".
NOTE 40049:  Found no parameter problems in basin model "BDale detailed".
WARNING 42803:  Computed diversion flow exceeded inflow for 777 time intervals at element "loc-MM1"; diversion flow set to inflow.
NOTE 40755:  Kinematic wave volume check for reach "r-MM1".
     Inflow (cu m): 393,545.996  Initial storage (cu m): 0
     Outflow (cu m): 392,982.6147  Final storage (cu m): 0.1592
     Percent error: 0.14
WARNING 42803:  Computed diversion flow exceeded inflow for 821 time intervals at element "loc-MM8"; diversion flow set to inflow.
NOTE 40755:  Kinematic wave volume check for reach "r-MM8".
     Inflow (cu m): 397,731.6887  Initial storage (cu m): 0
     Outflow (cu m): 399,038.0804  Final storage (cu m): 1.2496
     Percent error: -0.33
WARNING 42803:  Computed diversion flow exceeded inflow for 1333 time intervals at element "in-MSF1"; diversion flow set to inflow.
NOTE 40755:  Kinematic wave volume check for reach "R-MSF1".
     Inflow (cu m): 445,123.0989  Initial storage (cu m): 0
     Outflow (cu m): 445,047.3463  Final storage (cu m): 0.1881
     Percent error: 0.02
WARNING 42803:  Computed diversion flow exceeded inflow for 856 time intervals at element "loc-z2"; diversion flow set to inflow.
WARNING 42803:  Computed diversion flow exceeded inflow for 1247 time intervals at element "loc-MM7"; diversion flow set to inflow.
WARNING 42803:  Computed diversion flow exceeded inflow for 19 time intervals at element "in-z2"; diversion flow set to inflow.
WARNING 40754:  Total inflow to reach "R-z2" is zero.
NOTE 40755:  Kinematic wave volume check for reach "R-z2".
     Inflow (cu m): 0  Initial storage (cu m): 0
     Outflow (cu m): 0  Final storage (cu m): 0
     Percent error: 0
WARNING 42803:  Computed diversion flow exceeded inflow for 856 time intervals at element "loc-z1"; diversion flow set to inflow.
WARNING 40754:  Total inflow to reach "R-z1" is zero.
NOTE 40755:  Kinematic wave volume check for reach "R-z1".
     Inflow (cu m): 0  Initial storage (cu m): 0
     Outflow (cu m): 0  Final storage (cu m): 0
     Percent error: 0
WARNING 42803:  Computed diversion flow exceeded inflow for 860 time intervals at element "loc-MM2a"; diversion flow set to inflow.
NOTE 40755:  Kinematic wave volume check for reach "r-MM2a".
     Inflow (cu m): 156,745.1977  Initial storage (cu m): 0
     Outflow (cu m): 156,483.5375  Final storage (cu m): 0.4419
     Percent error: 0.17
WARNING 42803:  Computed diversion flow exceeded inflow for 1511 time intervals at element "loc-MM2b"; diversion flow set to inflow.
WARNING 42803:  Computed diversion flow exceeded inflow for 513 time intervals at element "loc-MM3"; diversion flow set to inflow.
WARNING 42803:  Computed diversion flow exceeded inflow for 1552 time intervals at element "in-MM6"; diversion flow set to inflow.
NOTE 40755:  Kinematic wave volume check for reach "r-MM6".
     Inflow (cu m): 297,065.9258  Initial storage (cu m): 0
     Outflow (cu m): 297,440.5047  Final storage (cu m): 0.0316
     Percent error: -0.13
WARNING 42803:  Computed diversion flow exceeded inflow for 978 time intervals at element "loc-MM5"; diversion flow set to inflow.
WARNING 42803:  Computed diversion flow exceeded inflow for 517 time intervals at element "loc-MM4"; diversion flow set to inflow.
WARNING 42803:  Computed diversion flow exceeded inflow for 1094 time intervals at element "in-MM5"; diversion flow set to inflow.
NOTE 40755:  Kinematic wave volume check for reach "r-MM5".
     Inflow (cu m): 352,778.4608  Initial storage (cu m): 0
     Outflow (cu m): 352,667.3252  Final storage (cu m): 0.0321
     Percent error: 0.03
WARNING 42803:  Computed diversion flow exceeded inflow for 503 time intervals at element "loc-MSF2"; diversion flow set to inflow.
NOTE 40755:  Kinematic wave volume check for reach "r-MSF2".
     Inflow (cu m): 404,644.349  Initial storage (cu m): 0
     Outflow (cu m): 404,779.9164  Final storage (cu m): 0.0574
     Percent error: -0.03
WARNING 42803:  Computed diversion flow exceeded inflow for 1331 time intervals at element "in-aa2"; diversion flow set to inflow.
NOTE 40755:  Kinematic wave volume check for reach "r-aa2".
     Inflow (cu m): 458,071.8329  Initial storage (cu m): 0
     Outflow (cu m): 456,520.0211  Final storage (cu m): 0.3886
     Percent error: 0.34
WARNING 42803:  Computed diversion flow exceeded inflow for 1068 time intervals at element "loc-aa3MM"; diversion flow set to inflow.
WARNING 42803:  Computed diversion flow exceeded inflow for 1190 time intervals at element "loc-aa4"; diversion flow set to inflow.
NOTE 40755:  Kinematic wave volume check for reach "r-aa3M".
     Inflow (cu m): 1,136,858.6692  Initial storage (cu m): 0
     Outflow (cu m): 1,137,012.9269  Final storage (cu m): 0.3042
     Percent error: -0.01
WARNING 42803:  Computed diversion flow exceeded inflow for 1421 time intervals at element "in-aa5"; diversion flow set to inflow.
NOTE 10185:  Finished computing simulation run "SS1" at time 03Oct2013, 11:07:23.
